Performing C++ SOURCE FILE Test CMAKE_HAVE_LIBC_PTHREAD failed with the following output:
Change Dir: /root/d3s/build/CMakeFiles/CMakeTmp

Run Build Command(s):/usr/bin/make cmTC_4e186/fast && /usr/bin/make -f CMakeFiles/cmTC_4e186.dir/build.make CMakeFiles/cmTC_4e186.dir/build
make[1]: Entering directory '/root/d3s/build/CMakeFiles/CMakeTmp'
Building CXX object CMakeFiles/cmTC_4e186.dir/src.cxx.o
/usr/bin/g++    -DCMAKE_HAVE_LIBC_PTHREAD   -std=c++17 -o CMakeFiles/cmTC_4e186.dir/src.cxx.o -c /root/d3s/build/CMakeFiles/CMakeTmp/src.cxx
Linking CXX executable cmTC_4e186
/usr/bin/cmake -E cmake_link_script CMakeFiles/cmTC_4e186.dir/link.txt --verbose=1
/usr/bin/g++   -DCMAKE_HAVE_LIBC_PTHREAD    CMakeFiles/cmTC_4e186.dir/src.cxx.o  -o cmTC_4e186 
/usr/bin/ld: CMakeFiles/cmTC_4e186.dir/src.cxx.o: in function `main':
src.cxx:(.text+0x46): undefined reference to `pthread_create'
/usr/bin/ld: src.cxx:(.text+0x52): undefined reference to `pthread_detach'
/usr/bin/ld: src.cxx:(.text+0x63): undefined reference to `pthread_join'
collect2: error: ld returned 1 exit status
make[1]: *** [CMakeFiles/cmTC_4e186.dir/build.make:87: cmTC_4e186] Error 1
make[1]: Leaving directory '/root/d3s/build/CMakeFiles/CMakeTmp'
make: *** [Makefile:121: cmTC_4e186/fast] Error 2


Source file was:
#include <pthread.h>

void* test_func(void* data)
{
  return data;
}

int main(void)
{
  pthread_t thread;
  pthread_create(&thread, NULL, test_func, NULL);
  pthread_detach(thread);
  pthread_join(thread, NULL);
  pthread_atfork(NULL, NULL, NULL);
  pthread_exit(NULL);

  return 0;
}

Performing C++ SOURCE FILE Test CMAKE_HAVE_LIBC_PTHREAD failed with the following output:
Change Dir: /root/d3s/build/CMakeFiles/CMakeTmp

Run Build Command(s):/usr/bin/make cmTC_fa4f1/fast && /usr/bin/make -f CMakeFiles/cmTC_fa4f1.dir/build.make CMakeFiles/cmTC_fa4f1.dir/build
make[1]: Entering directory '/root/d3s/build/CMakeFiles/CMakeTmp'
Building CXX object CMakeFiles/cmTC_fa4f1.dir/src.cxx.o
/usr/bin/g++    -DCMAKE_HAVE_LIBC_PTHREAD   -std=c++17 -o CMakeFiles/cmTC_fa4f1.dir/src.cxx.o -c /root/d3s/build/CMakeFiles/CMakeTmp/src.cxx
Linking CXX executable cmTC_fa4f1
/usr/bin/cmake -E cmake_link_script CMakeFiles/cmTC_fa4f1.dir/link.txt --verbose=1
/usr/bin/g++   -DCMAKE_HAVE_LIBC_PTHREAD    CMakeFiles/cmTC_fa4f1.dir/src.cxx.o  -o cmTC_fa4f1 
/usr/bin/ld: CMakeFiles/cmTC_fa4f1.dir/src.cxx.o: in function `main':
src.cxx:(.text+0x46): undefined reference to `pthread_create'
/usr/bin/ld: src.cxx:(.text+0x52): undefined reference to `pthread_detach'
/usr/bin/ld: src.cxx:(.text+0x63): undefined reference to `pthread_join'
collect2: error: ld returned 1 exit status
make[1]: *** [CMakeFiles/cmTC_fa4f1.dir/build.make:87: cmTC_fa4f1] Error 1
make[1]: Leaving directory '/root/d3s/build/CMakeFiles/CMakeTmp'
make: *** [Makefile:121: cmTC_fa4f1/fast] Error 2


Source file was:
#include <pthread.h>

void* test_func(void* data)
{
  return data;
}

int main(void)
{
  pthread_t thread;
  pthread_create(&thread, NULL, test_func, NULL);
  pthread_detach(thread);
  pthread_join(thread, NULL);
  pthread_atfork(NULL, NULL, NULL);
  pthread_exit(NULL);

  return 0;
}

Determining if the function pthread_create exists in the pthreads failed with the following output:
Change Dir: /root/d3s/build/CMakeFiles/CMakeTmp

Run Build Command(s):/usr/bin/make cmTC_9c04c/fast && /usr/bin/make -f CMakeFiles/cmTC_9c04c.dir/build.make CMakeFiles/cmTC_9c04c.dir/build
make[1]: Entering directory '/root/d3s/build/CMakeFiles/CMakeTmp'
Building CXX object CMakeFiles/cmTC_9c04c.dir/CheckFunctionExists.cxx.o
/usr/bin/g++    -DCHECK_FUNCTION_EXISTS=pthread_create   -std=c++17 -o CMakeFiles/cmTC_9c04c.dir/CheckFunctionExists.cxx.o -c /root/d3s/build/CMakeFiles/CheckLibraryExists/CheckFunctionExists.cxx
Linking CXX executable cmTC_9c04c
/usr/bin/cmake -E cmake_link_script CMakeFiles/cmTC_9c04c.dir/link.txt --verbose=1
/usr/bin/g++   -DCHECK_FUNCTION_EXISTS=pthread_create    CMakeFiles/cmTC_9c04c.dir/CheckFunctionExists.cxx.o  -o cmTC_9c04c  -lpthreads 
/usr/bin/ld: cannot find -lpthreads
collect2: error: ld returned 1 exit status
make[1]: *** [CMakeFiles/cmTC_9c04c.dir/build.make:87: cmTC_9c04c] Error 1
make[1]: Leaving directory '/root/d3s/build/CMakeFiles/CMakeTmp'
make: *** [Makefile:121: cmTC_9c04c/fast] Error 2



